 
cpldfit:  version P.68d                             Xilinx Inc.
                                  Fitter Report
Design Name: contador_registro                   Date:  5- 6-2019, 11:33AM
Device Used: XC2C256-6-TQ144
Fitting Status: Successful

*************************  Mapped Resource Summary  **************************

Macrocells     Product Terms    Function Block   Registers      Pins           
Used/Tot       Used/Tot         Inps Used/Tot    Used/Tot       Used/Tot       
32 /256 ( 12%) 89  /896  ( 10%) 82  /640  ( 13%) 31 /256 ( 12%) 14 /118 ( 12%)

** Function Block Resources **

Function Mcells   FB Inps  Pterms   IO       CTC      CTR      CTS      CTE     
Block    Used/Tot Used/Tot Used/Tot Used/Tot Used/Tot Used/Tot Used/Tot Used/Tot
FB1      16/16*    15/40    15/56     0/ 6    0/1      0/1      0/1      0/1
FB2      11/16     35/40    24/56     0/ 8    1/1*     1/1*     0/1      0/1
FB3       0/16      0/40     0/56     0/ 6    0/1      0/1      0/1      0/1
FB4       0/16      0/40     0/56     0/ 8    0/1      0/1      0/1      0/1
FB5       0/16      0/40     0/56     0/ 5    0/1      0/1      0/1      0/1
FB6       0/16      0/40     0/56     0/ 8    0/1      0/1      0/1      0/1
FB7       0/16      0/40     0/56     0/ 8    0/1      0/1      0/1      0/1
FB8       0/16      0/40     0/56     0/ 8    0/1      0/1      0/1      0/1
FB9       0/16      0/40     0/56     0/ 8    0/1      0/1      0/1      0/1
FB10      2/16     16/40    28/56     2/ 9    1/1*     1/1*     0/1      0/1
FB11      0/16      0/40     0/56     0/ 8    0/1      0/1      0/1      0/1
FB12      2/16     14/40    21/56     2/ 6    1/1*     1/1*     0/1      0/1
FB13      0/16      0/40     0/56     0/ 8    0/1      0/1      0/1      0/1
FB14      1/16      2/40     1/56     1/ 8    0/1      0/1      0/1      0/1
FB15      0/16      0/40     0/56     0/ 7    0/1      0/1      0/1      0/1
FB16      0/16      0/40     0/56     0/ 7    0/1      0/1      0/1      0/1
         -----    -------  -------   -----    ---      ---      ---      ---
Total    32/256    82/640   89/896    5/118   3/16     3/16     0/16     0/16

CTC - Control Term Clock
CTR - Control Term Reset
CTS - Control Term Set
CTE - Control Term Output Enable

* - Resource is exhausted

** Global Control Resources **

GCK         GSR         GTS         DGE         
Used/Tot    Used/Tot    Used/Tot    Used/Tot    
1/3         0/1         0/4         0/1

Signal 'clk00' mapped onto global clock net GCK2.

** Pin Resources **

Signal Type    Required     Mapped  |  Pin Type            Used    Total 
------------------------------------|------------------------------------
Input         :    8           8    |  I/O              :    11    108
Output        :    5           5    |  GCK/IO           :     1      3
Bidirectional :    0           0    |  GTS/IO           :     2      4
GCK           :    1           1    |  GSR/IO           :     0      1
GTS           :    0           0    |  CDR/IO           :     0      1
GSR           :    0           0    |  DGE/IO           :     0      1
                 ----        ----
        Total     14          14

End of Mapped Resource Summary
**************************  Errors and Warnings  ***************************

WARNING:Cpld - Unable to retrieve the path to the iSE Project Repository. Will
   use the default filename of 'contador_registro.ise'.
INFO:Cpld - Inferring BUFG constraint for signal 'clk00' based upon the LOC
   constraint 'P38'. It is recommended that you declare this BUFG explicitedly
   in your design. Note that for certain device families the output of a BUFG
   constraint can not drive a gated clock, and the BUFG constraint will be
   ignored.
*************************  Summary of Mapped Logic  ************************

** 5 Outputs **

Signal              Total Total Bank Loc     Pin   Pin       Pin     I/O      I/O       Slew Reg     Reg Init
Name                Pts   Inps               No.   Type      Use     STD      Style     Rate Use     State
Q<3>                14    12    2    FB10_12 103   I/O       O       LVCMOS33           FAST DFF     RESET
Q<2>                16    14    2    FB10_16 101   I/O       O       LVCMOS33           FAST DFF     RESET
Q<1>                14    12    2    FB12_11 98    I/O       O       LVCMOS33           FAST DFF     RESET
Q<0>                9     10    2    FB12_13 96    I/O       O       LVCMOS33           FAST DFF     RESET
CLK                 1     2     1    FB14_4  69    I/O       O       LVCMOS33           FAST DFF     RESET

** 27 Buried Nodes **

Signal              Total Total Loc     Reg     Reg Init
Name                Pts   Inps          Use     State
P00/contador<9>     1     9     FB1_1   TFF     RESET
P00/contador<8>     1     8     FB1_2   TFF     RESET
P00/contador<15>    1     15    FB1_3   TFF     RESET
P00/contador<14>    1     14    FB1_4   TFF     RESET
P00/contador<7>     1     7     FB1_5   TFF     RESET
P00/contador<13>    1     13    FB1_6   TFF     RESET
P00/contador<6>     1     6     FB1_7   TFF     RESET
P00/contador<5>     1     5     FB1_8   TFF     RESET
P00/contador<4>     1     4     FB1_9   TFF     RESET
P00/contador<3>     1     3     FB1_10  TFF     RESET
P00/contador<2>     1     2     FB1_11  TFF     RESET
P00/contador<12>    1     12    FB1_12  TFF     RESET
P00/contador<11>    1     11    FB1_13  TFF     RESET
P00/contador<10>    1     10    FB1_14  TFF     RESET
P00/contador<1>     1     1     FB1_15  TFF     RESET
P00/contador<0>     0     0     FB1_16  TFF     RESET
aux2<2>             6     9     FB2_2   TFF     RESET
N_PZ_197            2     6     FB2_6           
P00/contador<21>    1     21    FB2_7   TFF     RESET
P00/contador<20>    1     20    FB2_8   TFF     RESET
P00/contador<19>    1     19    FB2_9   TFF     RESET
P00/contador<18>    1     18    FB2_10  TFF     RESET
P00/contador<17>    1     17    FB2_11  TFF     RESET
aux2<3>             5     8     FB2_13  TFF     RESET
aux2<0>             5     7     FB2_14  TFF     RESET
aux2<1>             6     8     FB2_15  TFF     RESET
P00/contador<16>    1     16    FB2_16  TFF     RESET

** 9 Inputs **

Signal              Bank Loc     Pin   Pin       Pin     I/O      I/O
Name                             No.   Type      Use     STD      Style
C<2>                2    FB1_6   140   I/O       I       LVCMOS33 KPR
C<1>                2    FB1_13  138   I/O       I       LVCMOS33 KPR
E<0>                2    FB2_1   2     GTS/I/O   I       LVCMOS33 KPR
E<1>                2    FB2_4   4     I/O       I       LVCMOS33 KPR
E<2>                2    FB2_12  6     GTS/I/O   I       LVCMOS33 KPR
E<3>                2    FB2_14  9     I/O       I       LVCMOS33 KPR
C<0>                2    FB3_2   135   I/O       I       LVCMOS33 KPR
CLR                 2    FB3_5   133   I/O       I       LVCMOS33 KPR
clk00               1    FB6_4   38    GCK/I/O   GCK     LVCMOS33 KPR

Legend:
Pin No.   - ~     - User Assigned
I/O Style - OD    - OpenDrain
          - PU    - Pullup
          - KPR   - Keeper
          - S     - SchmittTrigger
          - DG    - DataGate
Reg Use   - LATCH - Transparent latch
          - DFF   - D-flip-flop
          - DEFF  - D-flip-flop with clock enable
          - TFF   - T-flip-flop
          - TDFF  - Dual-edge-triggered T-flip-flop
          - DDFF  - Dual-edge-triggered flip-flop
          - DDEFF - Dual-edge-triggered flip-flop with clock enable
          /S (after any above flop/latch type) indicates initial state is Set
**************************  Function Block Details  ************************
Legend:
Total Pt     - Total product terms used by the macrocell signal
Loc          - Location where logic was mapped in device
Pin Type/Use - I  - Input             GCK - Global clock
               O  - Output            GTS - Global Output Enable
              (b) - Buried macrocell  GSR - Global Set/Reset
              VRF - Vref
Pin No.      - ~  - User Assigned
*********************************** FB1  ***********************************
This function block is part of I/O Bank number:               2
Number of function block inputs used/remaining:               15/25
Number of function block control terms used/remaining:        0/4
Number of PLA product terms used/remaining:                   15/41
Signal                        Total Loc     Pin  Pin     Pin   CTC CTR CTS CTE
Name                          Pt            No.  Type    Use   
P00/contador<9>               1     FB1_1        (b)     (b)               
P00/contador<8>               1     FB1_2        (b)     (b)               
P00/contador<15>              1     FB1_3   143  GSR/I/O (b)               
P00/contador<14>              1     FB1_4   142  I/O     (b)               
P00/contador<7>               1     FB1_5        (b)     (b)               
P00/contador<13>              1     FB1_6   140  I/O     I                 
P00/contador<6>               1     FB1_7        (b)     (b)               
P00/contador<5>               1     FB1_8        (b)     (b)               
P00/contador<4>               1     FB1_9        (b)     (b)               
P00/contador<3>               1     FB1_10       (b)     (b)               
P00/contador<2>               1     FB1_11       (b)     (b)               
P00/contador<12>              1     FB1_12  139  I/O     (b)               
P00/contador<11>              1     FB1_13  138  I/O     I                 
P00/contador<10>              1     FB1_14  137  I/O     (b)               
P00/contador<1>               1     FB1_15       (b)     (b)               
P00/contador<0>               0     FB1_16       (b)     (b)               

Signals Used by Logic in Function Block
  1: P00/contador<0>    6: P00/contador<14>  11: P00/contador<5> 
  2: P00/contador<10>   7: P00/contador<1>   12: P00/contador<6> 
  3: P00/contador<11>   8: P00/contador<2>   13: P00/contador<7> 
  4: P00/contador<12>   9: P00/contador<3>   14: P00/contador<8> 
  5: P00/contador<13>  10: P00/contador<4>   15: P00/contador<9> 

Signal                     1         2         3         4 FB      
Name             0----+----0----+----0----+----0----+----0 Inputs  
P00/contador<9>   X.....XXXXXXXX.......................... 9       
P00/contador<8>   X.....XXXXXXX........................... 8       
P00/contador<15>  XXXXXXXXXXXXXXX......................... 15      
P00/contador<14>  XXXXX.XXXXXXXXX......................... 14      
P00/contador<7>   X.....XXXXXX............................ 7       
P00/contador<13>  XXXX..XXXXXXXXX......................... 13      
P00/contador<6>   X.....XXXXX............................. 6       
P00/contador<5>   X.....XXXX.............................. 5       
P00/contador<4>   X.....XXX............................... 4       
P00/contador<3>   X.....XX................................ 3       
P00/contador<2>   X.....X................................. 2       
P00/contador<12>  XXX...XXXXXXXXX......................... 12      
P00/contador<11>  XX....XXXXXXXXX......................... 11      
P00/contador<10>  X.....XXXXXXXXX......................... 10      
P00/contador<1>   X....................................... 1       
P00/contador<0>   ........................................ 0       
                 0----+----1----+----2----+----3----+----4
                           0         0         0         0
*********************************** FB2  ***********************************
This function block is part of I/O Bank number:               2
Number of function block inputs used/remaining:               35/5
Number of function block control terms used/remaining:        2/2
Number of PLA product terms used/remaining:                   24/32
Signal                        Total Loc     Pin  Pin     Pin   CTC CTR CTS CTE
Name                          Pt            No.  Type    Use   
(unused)                      0     FB2_1   2    GTS/I/O I     
aux2<2>                       6     FB2_2        (b)     (b)    +   +      
(unused)                      0     FB2_3   3    GTS/I/O       
(unused)                      0     FB2_4   4    I/O     I     
(unused)                      0     FB2_5   5    GTS/I/O       
N_PZ_197                      2     FB2_6        (b)     (b)               
P00/contador<21>              1     FB2_7        (b)     (b)               
P00/contador<20>              1     FB2_8        (b)     (b)               
P00/contador<19>              1     FB2_9        (b)     (b)               
P00/contador<18>              1     FB2_10       (b)     (b)               
P00/contador<17>              1     FB2_11       (b)     (b)               
(unused)                      0     FB2_12  6    GTS/I/O I     
aux2<3>                       5     FB2_13  7    I/O     (b)    +   +      
aux2<0>                       5     FB2_14  9    I/O     I      +   +      
aux2<1>                       6     FB2_15  10   I/O     (b)    +   +      
P00/contador<16>              1     FB2_16       (b)     (b)               

Signals Used by Logic in Function Block
  1: C<0>              13: P00/contador<11>  25: P00/contador<3> 
  2: C<1>              14: P00/contador<12>  26: P00/contador<4> 
  3: C<2>              15: P00/contador<13>  27: P00/contador<5> 
  4: CLK               16: P00/contador<14>  28: P00/contador<6> 
  5: CLR               17: P00/contador<15>  29: P00/contador<7> 
  6: E<0>              18: P00/contador<16>  30: P00/contador<8> 
  7: E<1>              19: P00/contador<17>  31: P00/contador<9> 
  8: E<2>              20: P00/contador<18>  32: aux2<0> 
  9: E<3>              21: P00/contador<19>  33: aux2<1> 
 10: N_PZ_197          22: P00/contador<1>   34: aux2<2> 
 11: P00/contador<0>   23: P00/contador<20>  35: aux2<3> 
 12: P00/contador<10>  24: P00/contador<2>  

Signal                     1         2         3         4 FB      
Name             0----+----0----+----0----+----0----+----0 Inputs  
aux2<2>           XXXXX..X.......................XXX...... 9       
N_PZ_197          XXX............................XXX...... 6       
P00/contador<21>  ..........XXXXXXXXXXXXXXXXXXXXX......... 21      
P00/contador<20>  ..........XXXXXXXXXXXX.XXXXXXXX......... 20      
P00/contador<19>  ..........XXXXXXXXXX.X.XXXXXXXX......... 19      
P00/contador<18>  ..........XXXXXXXXX..X.XXXXXXXX......... 18      
P00/contador<17>  ..........XXXXXXXX...X.XXXXXXXX......... 17      
aux2<3>           XXXXX...XX........................X..... 8       
aux2<0>           XXXXXX.........................X........ 7       
aux2<1>           XXXXX.X........................XX....... 8       
P00/contador<16>  ..........XXXXXXX....X.XXXXXXXX......... 16      
                 0----+----1----+----2----+----3----+----4
                           0         0         0         0
*********************************** FB3  ***********************************
This function block is part of I/O Bank number:               2
Number of function block inputs used/remaining:               0/40
Number of function block control terms used/remaining:        0/4
Number of PLA product terms used/remaining:                   0/56
Signal                        Total Loc     Pin  Pin     Pin   CTC CTR CTS CTE
Name                          Pt            No.  Type    Use   
(unused)                      0     FB3_1   136  I/O           
(unused)                      0     FB3_2   135  I/O     I     
(unused)                      0     FB3_3   134  I/O           
(unused)                      0     FB3_4        (b)           
(unused)                      0     FB3_5   133  I/O     I     
(unused)                      0     FB3_6        (b)           
(unused)                      0     FB3_7        (b)           
(unused)                      0     FB3_8        (b)           
(unused)                      0     FB3_9        (b)           
(unused)                      0     FB3_10       (b)           
(unused)                      0     FB3_11       (b)           
(unused)                      0     FB3_12       (b)           
(unused)                      0     FB3_13       (b)           
(unused)                      0     FB3_14  132  I/O           
(unused)                      0     FB3_15       (b)           
(unused)                      0     FB3_16  131  I/O           
*********************************** FB4  ***********************************
This function block is part of I/O Bank number:               2
Number of function block inputs used/remaining:               0/40
Number of function block control terms used/remaining:        0/4
Number of PLA product terms used/remaining:                   0/56
Signal                        Total Loc     Pin  Pin     Pin   CTC CTR CTS CTE
Name                          Pt            No.  Type    Use   
(unused)                      0     FB4_1   11   I/O           
(unused)                      0     FB4_2   12   I/O           
(unused)                      0     FB4_3   13   I/O           
(unused)                      0     FB4_4   14   I/O           
(unused)                      0     FB4_5   15   I/O           
(unused)                      0     FB4_6   16   I/O           
(unused)                      0     FB4_7        (b)           
(unused)                      0     FB4_8        (b)           
(unused)                      0     FB4_9        (b)           
(unused)                      0     FB4_10       (b)           
(unused)                      0     FB4_11       (b)           
(unused)                      0     FB4_12  17   I/O           
(unused)                      0     FB4_13       (b)           
(unused)                      0     FB4_14  18   I/O           
(unused)                      0     FB4_15       (b)           
(unused)                      0     FB4_16       (b)           
*********************************** FB5  ***********************************
This function block is part of I/O Bank number:               1
Number of function block inputs used/remaining:               0/40
Number of function block control terms used/remaining:        0/4
Number of PLA product terms used/remaining:                   0/56
Signal                        Total Loc     Pin  Pin     Pin   CTC CTR CTS CTE
Name                          Pt            No.  Type    Use   
(unused)                      0     FB5_1        (b)           
(unused)                      0     FB5_2   33   I/O           
(unused)                      0     FB5_3        (b)           
(unused)                      0     FB5_4   32   GCK/I/O       
(unused)                      0     FB5_5   31   I/O           
(unused)                      0     FB5_6   30   GCK/I/O       
(unused)                      0     FB5_7        (b)           
(unused)                      0     FB5_8        (b)           
(unused)                      0     FB5_9        (b)           
(unused)                      0     FB5_10       (b)           
(unused)                      0     FB5_11       (b)           
(unused)                      0     FB5_12       (b)           
(unused)                      0     FB5_13       (b)           
(unused)                      0     FB5_14  28   I/O           
(unused)                      0     FB5_15       (b)           
(unused)                      0     FB5_16       (b)           
*********************************** FB6  ***********************************
This function block is part of I/O Bank number:               1
Number of function block inputs used/remaining:               0/40
Number of function block control terms used/remaining:        0/4
Number of PLA product terms used/remaining:                   0/56
Signal                        Total Loc     Pin  Pin     Pin   CTC CTR CTS CTE
Name                          Pt            No.  Type    Use   
(unused)                      0     FB6_1   34   I/O           
(unused)                      0     FB6_2   35   CDR/I/O       
(unused)                      0     FB6_3        (b)           
(unused)                      0     FB6_4   38   GCK/I/O GCK   
(unused)                      0     FB6_5        (b)           
(unused)                      0     FB6_6        (b)           
(unused)                      0     FB6_7        (b)           
(unused)                      0     FB6_8        (b)           
(unused)                      0     FB6_9        (b)           
(unused)                      0     FB6_10       (b)           
(unused)                      0     FB6_11       (b)           
(unused)                      0     FB6_12  39   DGE/I/O       
(unused)                      0     FB6_13  40   I/O           
(unused)                      0     FB6_14  41   I/O           
(unused)                      0     FB6_15  42   I/O           
(unused)                      0     FB6_16  43   I/O           
*********************************** FB7  ***********************************
This function block is part of I/O Bank number:               1
Number of function block inputs used/remaining:               0/40
Number of function block control terms used/remaining:        0/4
Number of PLA product terms used/remaining:                   0/56
Signal                        Total Loc     Pin  Pin     Pin   CTC CTR CTS CTE
Name                          Pt            No.  Type    Use   
(unused)                      0     FB7_1        (b)           
(unused)                      0     FB7_2        (b)           
(unused)                      0     FB7_3        (b)           
(unused)                      0     FB7_4        (b)           
(unused)                      0     FB7_5   26   I/O           
(unused)                      0     FB7_6   25   I/O           
(unused)                      0     FB7_7        (b)           
(unused)                      0     FB7_8        (b)           
(unused)                      0     FB7_9        (b)           
(unused)                      0     FB7_10       (b)           
(unused)                      0     FB7_11  24   I/O           
(unused)                      0     FB7_12  23   I/O           
(unused)                      0     FB7_13  22   I/O           
(unused)                      0     FB7_14  21   I/O           
(unused)                      0     FB7_15  20   I/O           
(unused)                      0     FB7_16  19   I/O           
*********************************** FB8  ***********************************
This function block is part of I/O Bank number:               1
Number of function block inputs used/remaining:               0/40
Number of function block control terms used/remaining:        0/4
Number of PLA product terms used/remaining:                   0/56
Signal                        Total Loc     Pin  Pin     Pin   CTC CTR CTS CTE
Name                          Pt            No.  Type    Use   
(unused)                      0     FB8_1   44   I/O           
(unused)                      0     FB8_2   45   I/O           
(unused)                      0     FB8_3   46   I/O           
(unused)                      0     FB8_4        (b)           
(unused)                      0     FB8_5   48   I/O           
(unused)                      0     FB8_6   49   I/O           
(unused)                      0     FB8_7        (b)           
(unused)                      0     FB8_8        (b)           
(unused)                      0     FB8_9        (b)           
(unused)                      0     FB8_10       (b)           
(unused)                      0     FB8_11  50   I/O           
(unused)                      0     FB8_12  51   I/O           
(unused)                      0     FB8_13  52   I/O           
(unused)                      0     FB8_14       (b)           
(unused)                      0     FB8_15       (b)           
(unused)                      0     FB8_16       (b)           
*********************************** FB9  ***********************************
This function block is part of I/O Bank number:               2
Number of function block inputs used/remaining:               0/40
Number of function block control terms used/remaining:        0/4
Number of PLA product terms used/remaining:                   0/56
Signal                        Total Loc     Pin  Pin     Pin   CTC CTR CTS CTE
Name                          Pt            No.  Type    Use   
(unused)                      0     FB9_1   112  I/O           
(unused)                      0     FB9_2   113  I/O           
(unused)                      0     FB9_3        (b)           
(unused)                      0     FB9_4   114  I/O           
(unused)                      0     FB9_5        (b)           
(unused)                      0     FB9_6   115  I/O           
(unused)                      0     FB9_7        (b)           
(unused)                      0     FB9_8        (b)           
(unused)                      0     FB9_9        (b)           
(unused)                      0     FB9_10       (b)           
(unused)                      0     FB9_11       (b)           
(unused)                      0     FB9_12  116  I/O           
(unused)                      0     FB9_13  117  I/O           
(unused)                      0     FB9_14  118  I/O           
(unused)                      0     FB9_15  119  I/O           
(unused)                      0     FB9_16       (b)           
*********************************** FB10 ***********************************
This function block is part of I/O Bank number:               2
Number of function block inputs used/remaining:               16/24
Number of function block control terms used/remaining:        2/2
Number of PLA product terms used/remaining:                   28/28
Signal                        Total Loc     Pin  Pin     Pin   CTC CTR CTS CTE
Name                          Pt            No.  Type    Use   
(unused)                      0     FB10_1  111  I/O           
(unused)                      0     FB10_2  110  I/O           
(unused)                      0     FB10_3  107  I/O           
(unused)                      0     FB10_4  106  I/O           
(unused)                      0     FB10_5  105  I/O           
(unused)                      0     FB10_6  104  I/O           
(unused)                      0     FB10_7       (b)           
(unused)                      0     FB10_8       (b)           
(unused)                      0     FB10_9       (b)           
(unused)                      0     FB10_10      (b)           
(unused)                      0     FB10_11      (b)           
Q<3>                          14    FB10_12 103  I/O     O      +   +      
(unused)                      0     FB10_13      (b)           
(unused)                      0     FB10_14 102  I/O           
(unused)                      0     FB10_15      (b)           
Q<2>                          16    FB10_16 101  I/O     O      +   +      

Signals Used by Logic in Function Block
  1: C<0>               7: E<3>              12: Q<3> 
  2: C<1>               8: N_PZ_197          13: aux2<0> 
  3: C<2>               9: Q<0>              14: aux2<1> 
  4: CLK               10: Q<1>              15: aux2<2> 
  5: CLR               11: Q<2>              16: aux2<3> 
  6: E<2>             

Signal                     1         2         3         4 FB      
Name             0----+----0----+----0----+----0----+----0 Inputs  
Q<3>              XXXXX.XXXXXX...X........................ 12      
Q<2>              XXXXXX..XXXXXXXX........................ 14      
                 0----+----1----+----2----+----3----+----4
                           0         0         0         0
*********************************** FB11 ***********************************
This function block is part of I/O Bank number:               2
Number of function block inputs used/remaining:               0/40
Number of function block control terms used/remaining:        0/4
Number of PLA product terms used/remaining:                   0/56
Signal                        Total Loc     Pin  Pin     Pin   CTC CTR CTS CTE
Name                          Pt            No.  Type    Use   
(unused)                      0     FB11_1       (b)           
(unused)                      0     FB11_2       (b)           
(unused)                      0     FB11_3       (b)           
(unused)                      0     FB11_4       (b)           
(unused)                      0     FB11_5  120  I/O           
(unused)                      0     FB11_6  121  I/O           
(unused)                      0     FB11_7       (b)           
(unused)                      0     FB11_8       (b)           
(unused)                      0     FB11_9       (b)           
(unused)                      0     FB11_10      (b)           
(unused)                      0     FB11_11 124  I/O           
(unused)                      0     FB11_12 125  I/O           
(unused)                      0     FB11_13 126  I/O           
(unused)                      0     FB11_14 128  I/O           
(unused)                      0     FB11_15 129  I/O           
(unused)                      0     FB11_16 130  I/O           
*********************************** FB12 ***********************************
This function block is part of I/O Bank number:               2
Number of function block inputs used/remaining:               14/26
Number of function block control terms used/remaining:        2/2
Number of PLA product terms used/remaining:                   21/35
Signal                        Total Loc     Pin  Pin     Pin   CTC CTR CTS CTE
Name                          Pt            No.  Type    Use   
(unused)                      0     FB12_1       (b)           
(unused)                      0     FB12_2  100  I/O           
(unused)                      0     FB12_3       (b)           
(unused)                      0     FB12_4       (b)           
(unused)                      0     FB12_5       (b)           
(unused)                      0     FB12_6       (b)           
(unused)                      0     FB12_7       (b)           
(unused)                      0     FB12_8       (b)           
(unused)                      0     FB12_9       (b)           
(unused)                      0     FB12_10      (b)           
Q<1>                          14    FB12_11 98   I/O     O      +   +      
(unused)                      0     FB12_12 97   I/O           
Q<0>                          9     FB12_13 96   I/O     O      +   +      
(unused)                      0     FB12_14 95   I/O           
(unused)                      0     FB12_15 94   I/O           
(unused)                      0     FB12_16      (b)           

Signals Used by Logic in Function Block
  1: C<0>               6: E<0>              11: Q<3> 
  2: C<1>               7: E<1>              12: aux2<0> 
  3: C<2>               8: Q<0>              13: aux2<1> 
  4: CLK                9: Q<1>              14: aux2<2> 
  5: CLR               10: Q<2>             

Signal                     1         2         3         4 FB      
Name             0----+----0----+----0----+----0----+----0 Inputs  
Q<1>              XXXXX.XXXX.XXX.......................... 12      
Q<0>              XXXXXX.XX.X.X........................... 10      
                 0----+----1----+----2----+----3----+----4
                           0         0         0         0
*********************************** FB13 ***********************************
This function block is part of I/O Bank number:               1
Number of function block inputs used/remaining:               0/40
Number of function block control terms used/remaining:        0/4
Number of PLA product terms used/remaining:                   0/56
Signal                        Total Loc     Pin  Pin     Pin   CTC CTR CTS CTE
Name                          Pt            No.  Type    Use   
(unused)                      0     FB13_1  75   I/O           
(unused)                      0     FB13_2  76   I/O           
(unused)                      0     FB13_3  77   I/O           
(unused)                      0     FB13_4       (b)           
(unused)                      0     FB13_5  78   I/O           
(unused)                      0     FB13_6  79   I/O           
(unused)                      0     FB13_7       (b)           
(unused)                      0     FB13_8       (b)           
(unused)                      0     FB13_9       (b)           
(unused)                      0     FB13_10      (b)           
(unused)                      0     FB13_11      (b)           
(unused)                      0     FB13_12 80   I/O           
(unused)                      0     FB13_13 81   I/O           
(unused)                      0     FB13_14 82   I/O           
(unused)                      0     FB13_15      (b)           
(unused)                      0     FB13_16      (b)           
*********************************** FB14 ***********************************
This function block is part of I/O Bank number:               1
Number of function block inputs used/remaining:               2/38
Number of function block control terms used/remaining:        0/4
Number of PLA product terms used/remaining:                   1/55
Signal                        Total Loc     Pin  Pin     Pin   CTC CTR CTS CTE
Name                          Pt            No.  Type    Use   
(unused)                      0     FB14_1  74   I/O           
(unused)                      0     FB14_2  71   I/O           
(unused)                      0     FB14_3  70   I/O           
CLK                           1     FB14_4  69   I/O     O                 
(unused)                      0     FB14_5       (b)           
(unused)                      0     FB14_6  68   I/O           
(unused)                      0     FB14_7       (b)           
(unused)                      0     FB14_8       (b)           
(unused)                      0     FB14_9       (b)           
(unused)                      0     FB14_10      (b)           
(unused)                      0     FB14_11      (b)           
(unused)                      0     FB14_12      (b)           
(unused)                      0     FB14_13 66   I/O           
(unused)                      0     FB14_14 64   I/O           
(unused)                      0     FB14_15      (b)           
(unused)                      0     FB14_16 61   I/O           

Signals Used by Logic in Function Block
  1: P00/contador<20>   2: P00/contador<21> 

Signal                     1         2         3         4 FB      
Name             0----+----0----+----0----+----0----+----0 Inputs  
CLK               XX...................................... 2       
                 0----+----1----+----2----+----3----+----4
                           0         0         0         0
*********************************** FB15 ***********************************
This function block is part of I/O Bank number:               1
Number of function block inputs used/remaining:               0/40
Number of function block control terms used/remaining:        0/4
Number of PLA product terms used/remaining:                   0/56
Signal                        Total Loc     Pin  Pin     Pin   CTC CTR CTS CTE
Name                          Pt            No.  Type    Use   
(unused)                      0     FB15_1       (b)           
(unused)                      0     FB15_2  83   I/O           
(unused)                      0     FB15_3       (b)           
(unused)                      0     FB15_4       (b)           
(unused)                      0     FB15_5       (b)           
(unused)                      0     FB15_6       (b)           
(unused)                      0     FB15_7       (b)           
(unused)                      0     FB15_8       (b)           
(unused)                      0     FB15_9       (b)           
(unused)                      0     FB15_10      (b)           
(unused)                      0     FB15_11 85   I/O           
(unused)                      0     FB15_12 86   I/O           
(unused)                      0     FB15_13 87   I/O           
(unused)                      0     FB15_14 88   I/O           
(unused)                      0     FB15_15 91   I/O           
(unused)                      0     FB15_16 92   I/O           
*********************************** FB16 ***********************************
This function block is part of I/O Bank number:               1
Number of function block inputs used/remaining:               0/40
Number of function block control terms used/remaining:        0/4
Number of PLA product terms used/remaining:                   0/56
Signal                        Total Loc     Pin  Pin     Pin   CTC CTR CTS CTE
Name                          Pt            No.  Type    Use   
(unused)                      0     FB16_1       (b)           
(unused)                      0     FB16_2       (b)           
(unused)                      0     FB16_3       (b)           
(unused)                      0     FB16_4       (b)           
(unused)                      0     FB16_5  60   I/O           
(unused)                      0     FB16_6  59   I/O           
(unused)                      0     FB16_7       (b)           
(unused)                      0     FB16_8       (b)           
(unused)                      0     FB16_9       (b)           
(unused)                      0     FB16_10      (b)           
(unused)                      0     FB16_11 58   I/O           
(unused)                      0     FB16_12 57   I/O           
(unused)                      0     FB16_13 56   I/O           
(unused)                      0     FB16_14      (b)           
(unused)                      0     FB16_15 54   I/O           
(unused)                      0     FB16_16 53   I/O           
*******************************  Equations  ********************************

********** Mapped Logic **********

FDCPE_CLK: FDCPE port map (CLK,CLK_D,clk00,'0','0','1');
CLK_D <= (NOT P00/contador(20) AND NOT P00/contador(21));


N_PZ_197 <= ((C(2) AND C(1) AND C(0) AND NOT aux2(0) AND NOT aux2(1) AND 
	NOT aux2(2))
	OR (C(2) AND C(1) AND NOT C(0) AND aux2(0) AND aux2(1) AND 
	aux2(2)));

FTCPE_P00/contador0: FTCPE port map (P00/contador(0),'0',clk00,'0','0','1');

FTCPE_P00/contador1: FTCPE port map (P00/contador(1),P00/contador(0),clk00,'0','0','1');

FTCPE_P00/contador2: FTCPE port map (P00/contador(2),P00/contador_T(2),clk00,'0','0','1');
P00/contador_T(2) <= (P00/contador(0) AND P00/contador(1));

FTCPE_P00/contador3: FTCPE port map (P00/contador(3),P00/contador_T(3),clk00,'0','0','1');
P00/contador_T(3) <= (P00/contador(0) AND P00/contador(1) AND 
	P00/contador(2));

FTCPE_P00/contador4: FTCPE port map (P00/contador(4),P00/contador_T(4),clk00,'0','0','1');
P00/contador_T(4) <= (P00/contador(0) AND P00/contador(1) AND 
	P00/contador(2) AND P00/contador(3));

FTCPE_P00/contador5: FTCPE port map (P00/contador(5),P00/contador_T(5),clk00,'0','0','1');
P00/contador_T(5) <= (P00/contador(0) AND P00/contador(1) AND 
	P00/contador(2) AND P00/contador(3) AND P00/contador(4));

FTCPE_P00/contador6: FTCPE port map (P00/contador(6),P00/contador_T(6),clk00,'0','0','1');
P00/contador_T(6) <= (P00/contador(0) AND P00/contador(1) AND 
	P00/contador(2) AND P00/contador(3) AND P00/contador(4) AND 
	P00/contador(5));

FTCPE_P00/contador7: FTCPE port map (P00/contador(7),P00/contador_T(7),clk00,'0','0','1');
P00/contador_T(7) <= (P00/contador(0) AND P00/contador(1) AND 
	P00/contador(2) AND P00/contador(3) AND P00/contador(4) AND 
	P00/contador(5) AND P00/contador(6));

FTCPE_P00/contador8: FTCPE port map (P00/contador(8),P00/contador_T(8),clk00,'0','0','1');
P00/contador_T(8) <= (P00/contador(0) AND P00/contador(1) AND 
	P00/contador(2) AND P00/contador(3) AND P00/contador(4) AND 
	P00/contador(5) AND P00/contador(6) AND P00/contador(7));

FTCPE_P00/contador9: FTCPE port map (P00/contador(9),P00/contador_T(9),clk00,'0','0','1');
P00/contador_T(9) <= (P00/contador(0) AND P00/contador(1) AND 
	P00/contador(2) AND P00/contador(3) AND P00/contador(4) AND 
	P00/contador(5) AND P00/contador(6) AND P00/contador(7) AND 
	P00/contador(8));

FTCPE_P00/contador10: FTCPE port map (P00/contador(10),P00/contador_T(10),clk00,'0','0','1');
P00/contador_T(10) <= (P00/contador(0) AND P00/contador(1) AND 
	P00/contador(2) AND P00/contador(3) AND P00/contador(4) AND 
	P00/contador(5) AND P00/contador(6) AND P00/contador(7) AND 
	P00/contador(8) AND P00/contador(9));

FTCPE_P00/contador11: FTCPE port map (P00/contador(11),P00/contador_T(11),clk00,'0','0','1');
P00/contador_T(11) <= (P00/contador(0) AND P00/contador(10) AND 
	P00/contador(1) AND P00/contador(2) AND P00/contador(3) AND 
	P00/contador(4) AND P00/contador(5) AND P00/contador(6) AND 
	P00/contador(7) AND P00/contador(8) AND P00/contador(9));

FTCPE_P00/contador12: FTCPE port map (P00/contador(12),P00/contador_T(12),clk00,'0','0','1');
P00/contador_T(12) <= (P00/contador(0) AND P00/contador(10) AND 
	P00/contador(1) AND P00/contador(2) AND P00/contador(3) AND 
	P00/contador(4) AND P00/contador(5) AND P00/contador(6) AND 
	P00/contador(7) AND P00/contador(8) AND P00/contador(9) AND 
	P00/contador(11));

FTCPE_P00/contador13: FTCPE port map (P00/contador(13),P00/contador_T(13),clk00,'0','0','1');
P00/contador_T(13) <= (P00/contador(0) AND P00/contador(10) AND 
	P00/contador(1) AND P00/contador(2) AND P00/contador(3) AND 
	P00/contador(4) AND P00/contador(5) AND P00/contador(6) AND 
	P00/contador(7) AND P00/contador(8) AND P00/contador(9) AND 
	P00/contador(11) AND P00/contador(12));

FTCPE_P00/contador14: FTCPE port map (P00/contador(14),P00/contador_T(14),clk00,'0','0','1');
P00/contador_T(14) <= (P00/contador(0) AND P00/contador(10) AND 
	P00/contador(1) AND P00/contador(2) AND P00/contador(3) AND 
	P00/contador(4) AND P00/contador(5) AND P00/contador(6) AND 
	P00/contador(7) AND P00/contador(8) AND P00/contador(9) AND 
	P00/contador(11) AND P00/contador(12) AND P00/contador(13));

FTCPE_P00/contador15: FTCPE port map (P00/contador(15),P00/contador_T(15),clk00,'0','0','1');
P00/contador_T(15) <= (P00/contador(0) AND P00/contador(10) AND 
	P00/contador(1) AND P00/contador(2) AND P00/contador(3) AND 
	P00/contador(4) AND P00/contador(5) AND P00/contador(6) AND 
	P00/contador(7) AND P00/contador(8) AND P00/contador(9) AND 
	P00/contador(11) AND P00/contador(12) AND P00/contador(13) AND 
	P00/contador(14));

FTCPE_P00/contador16: FTCPE port map (P00/contador(16),P00/contador_T(16),clk00,'0','0','1');
P00/contador_T(16) <= (P00/contador(0) AND P00/contador(10) AND 
	P00/contador(1) AND P00/contador(2) AND P00/contador(3) AND 
	P00/contador(4) AND P00/contador(5) AND P00/contador(6) AND 
	P00/contador(7) AND P00/contador(8) AND P00/contador(9) AND 
	P00/contador(11) AND P00/contador(12) AND P00/contador(13) AND 
	P00/contador(14) AND P00/contador(15));

FTCPE_P00/contador17: FTCPE port map (P00/contador(17),P00/contador_T(17),clk00,'0','0','1');
P00/contador_T(17) <= (P00/contador(0) AND P00/contador(10) AND 
	P00/contador(1) AND P00/contador(2) AND P00/contador(3) AND 
	P00/contador(4) AND P00/contador(5) AND P00/contador(6) AND 
	P00/contador(7) AND P00/contador(8) AND P00/contador(9) AND 
	P00/contador(11) AND P00/contador(12) AND P00/contador(13) AND 
	P00/contador(14) AND P00/contador(15) AND P00/contador(16));

FTCPE_P00/contador18: FTCPE port map (P00/contador(18),P00/contador_T(18),clk00,'0','0','1');
P00/contador_T(18) <= (P00/contador(0) AND P00/contador(10) AND 
	P00/contador(1) AND P00/contador(2) AND P00/contador(3) AND 
	P00/contador(4) AND P00/contador(5) AND P00/contador(6) AND 
	P00/contador(7) AND P00/contador(8) AND P00/contador(9) AND 
	P00/contador(11) AND P00/contador(12) AND P00/contador(13) AND 
	P00/contador(14) AND P00/contador(15) AND P00/contador(16) AND 
	P00/contador(17));

FTCPE_P00/contador19: FTCPE port map (P00/contador(19),P00/contador_T(19),clk00,'0','0','1');
P00/contador_T(19) <= (P00/contador(0) AND P00/contador(10) AND 
	P00/contador(1) AND P00/contador(2) AND P00/contador(3) AND 
	P00/contador(4) AND P00/contador(5) AND P00/contador(6) AND 
	P00/contador(7) AND P00/contador(8) AND P00/contador(9) AND 
	P00/contador(11) AND P00/contador(12) AND P00/contador(13) AND 
	P00/contador(14) AND P00/contador(15) AND P00/contador(16) AND 
	P00/contador(17) AND P00/contador(18));

FTCPE_P00/contador20: FTCPE port map (P00/contador(20),P00/contador_T(20),clk00,'0','0','1');
P00/contador_T(20) <= (P00/contador(0) AND P00/contador(10) AND 
	P00/contador(1) AND P00/contador(2) AND P00/contador(3) AND 
	P00/contador(4) AND P00/contador(5) AND P00/contador(6) AND 
	P00/contador(7) AND P00/contador(8) AND P00/contador(9) AND 
	P00/contador(11) AND P00/contador(12) AND P00/contador(13) AND 
	P00/contador(14) AND P00/contador(15) AND P00/contador(16) AND 
	P00/contador(17) AND P00/contador(18) AND P00/contador(19));

FTCPE_P00/contador21: FTCPE port map (P00/contador(21),P00/contador_T(21),clk00,'0','0','1');
P00/contador_T(21) <= (P00/contador(20) AND P00/contador(0) AND 
	P00/contador(10) AND P00/contador(1) AND P00/contador(2) AND 
	P00/contador(3) AND P00/contador(4) AND P00/contador(5) AND 
	P00/contador(6) AND P00/contador(7) AND P00/contador(8) AND 
	P00/contador(9) AND P00/contador(11) AND P00/contador(12) AND 
	P00/contador(13) AND P00/contador(14) AND P00/contador(15) AND 
	P00/contador(16) AND P00/contador(17) AND P00/contador(18) AND 
	P00/contador(19));

FDCPE_Q0: FDCPE port map (Q(0),Q_D(0),CLK,NOT CLR,'0','1');
Q_D(0) <= NOT (((NOT C(2) AND NOT C(1) AND Q(0))
	OR (C(2) AND C(1) AND C(0) AND NOT aux2(1))
	OR (C(2) AND C(1) AND NOT C(0) AND aux2(1))
	OR (C(2) AND NOT C(1) AND C(0) AND NOT Q(3))
	OR (C(2) AND NOT C(1) AND NOT C(0) AND NOT Q(1))
	OR (NOT C(2) AND C(1) AND C(0) AND NOT Q(0))
	OR (NOT C(2) AND C(1) AND NOT C(0) AND NOT E(0))));

FDCPE_Q1: FDCPE port map (Q(1),Q_D(1),CLK,NOT CLR,'0','1');
Q_D(1) <= NOT ((NOT C(1) AND NOT Q(0))
	XOR ((NOT C(2) AND C(0) AND NOT Q(1))
	OR (NOT C(2) AND C(1) AND NOT C(0) AND NOT E(1))
	OR (NOT C(2) AND NOT C(1) AND NOT C(0) AND Q(1))
	OR (C(2) AND C(1) AND C(0) AND NOT aux2(0) AND NOT aux2(2))
	OR (C(2) AND C(1) AND C(0) AND NOT aux2(1) AND NOT aux2(2))
	OR (C(2) AND C(1) AND NOT C(0) AND aux2(0) AND aux2(2))
	OR (C(2) AND C(1) AND NOT C(0) AND aux2(1) AND aux2(2))
	OR (C(2) AND C(1) AND aux2(0) AND aux2(1) AND aux2(2))
	OR (C(2) AND C(1) AND NOT aux2(0) AND NOT aux2(1) AND NOT aux2(2))
	OR (C(2) AND NOT C(1) AND NOT C(0) AND Q(0) AND NOT Q(2))
	OR (C(2) AND NOT C(1) AND NOT C(0) AND NOT Q(0) AND Q(2))));

FDCPE_Q2: FDCPE port map (Q(2),Q_D(2),CLK,NOT CLR,'0','1');
Q_D(2) <= NOT ((C(2) AND C(1) AND aux2(3))
	XOR ((C(2) AND C(1) AND C(0) AND NOT aux2(2))
	OR (C(2) AND C(1) AND NOT aux2(0) AND NOT aux2(2))
	OR (C(2) AND C(1) AND NOT aux2(1) AND NOT aux2(2))
	OR (C(2) AND NOT C(1) AND C(0) AND NOT Q(1))
	OR (C(2) AND NOT C(1) AND NOT C(0) AND NOT Q(3))
	OR (NOT C(2) AND C(1) AND C(0) AND NOT Q(2))
	OR (NOT C(2) AND C(1) AND NOT C(0) AND NOT E(2))
	OR (NOT C(2) AND C(0) AND Q(1) AND NOT Q(2))
	OR (C(2) AND C(1) AND C(0) AND NOT aux2(0) AND NOT aux2(1))
	OR (NOT C(2) AND NOT C(1) AND NOT C(0) AND NOT Q(0) AND NOT Q(2))
	OR (NOT C(2) AND NOT C(1) AND Q(0) AND NOT Q(1) AND NOT Q(2))
	OR (NOT C(1) AND C(0) AND NOT Q(0) AND NOT Q(1) AND Q(2))
	OR (NOT C(2) AND NOT C(1) AND NOT C(0) AND Q(0) AND Q(1) AND Q(2))));

FDCPE_Q3: FDCPE port map (Q(3),Q_D(3),CLK,NOT CLR,'0','1');
Q_D(3) <= NOT (((aux2(3) AND N_PZ_197)
	OR (C(2) AND C(1) AND NOT aux2(3) AND NOT N_PZ_197)
	OR (C(2) AND NOT C(1) AND C(0) AND NOT Q(2))
	OR (C(2) AND NOT C(1) AND NOT C(0) AND NOT Q(0))
	OR (NOT C(2) AND C(1) AND C(0) AND NOT Q(3))
	OR (NOT C(2) AND C(1) AND NOT C(0) AND NOT E(3))
	OR (NOT C(2) AND C(0) AND Q(0) AND NOT Q(3))
	OR (NOT C(2) AND NOT C(1) AND NOT C(0) AND NOT Q(2) AND NOT Q(3))
	OR (NOT C(2) AND NOT C(1) AND NOT Q(0) AND Q(1) AND NOT Q(3))
	OR (NOT C(2) AND NOT C(1) AND NOT Q(1) AND Q(2) AND NOT Q(3))
	OR (NOT C(1) AND C(0) AND NOT Q(0) AND NOT Q(1) AND NOT Q(2) AND Q(3))
	OR (NOT C(2) AND NOT C(1) AND NOT C(0) AND Q(0) AND Q(1) AND Q(2) AND 
	Q(3))));

FTCPE_aux20: FTCPE port map (aux2(0),aux2_T(0),CLK,NOT CLR,'0','1');
aux2_T(0) <= ((C(2) AND C(1))
	OR (C(1) AND NOT C(0) AND E(0) AND NOT aux2(0))
	OR (C(1) AND NOT C(0) AND NOT E(0) AND aux2(0)));

FTCPE_aux21: FTCPE port map (aux2(1),aux2_T(1),CLK,NOT CLR,'0','1');
aux2_T(1) <= ((C(2) AND C(1) AND C(0) AND NOT aux2(0))
	OR (C(2) AND C(1) AND NOT C(0) AND aux2(0))
	OR (NOT C(2) AND C(1) AND NOT C(0) AND aux2(1) AND NOT E(1))
	OR (NOT C(2) AND C(1) AND NOT C(0) AND NOT aux2(1) AND E(1)));

FTCPE_aux22: FTCPE port map (aux2(2),aux2_T(2),CLK,NOT CLR,'0','1');
aux2_T(2) <= ((C(2) AND C(1) AND C(0) AND NOT aux2(0) AND NOT aux2(1))
	OR (C(2) AND C(1) AND NOT C(0) AND aux2(0) AND aux2(1))
	OR (NOT C(2) AND C(1) AND NOT C(0) AND aux2(2) AND NOT E(2))
	OR (NOT C(2) AND C(1) AND NOT C(0) AND NOT aux2(2) AND E(2)));

FTCPE_aux23: FTCPE port map (aux2(3),aux2_T(3),CLK,NOT CLR,'0','1');
aux2_T(3) <= ((N_PZ_197)
	OR (NOT C(2) AND C(1) AND NOT C(0) AND aux2(3) AND NOT E(3))
	OR (NOT C(2) AND C(1) AND NOT C(0) AND NOT aux2(3) AND E(3)));


Register Legend:
 FDCPE (Q,D,C,CLR,PRE,CE); 
 FDDCPE (Q,D,C,CLR,PRE,CE); 
 FTCPE (Q,D,C,CLR,PRE,CE); 
 FTDCPE (Q,D,C,CLR,PRE,CE); 
 LDCP  (Q,D,G,CLR,PRE); 

******************************  Device Pin Out *****************************

Device : XC2C256-6-TQ144


Pin Signal                         Pin Signal                        
No. Name                           No. Name                          
  1 VCC                              73 VCCIO-3.3                     
  2 E<0>                             74 KPR                           
  3 KPR                              75 KPR                           
  4 E<1>                             76 KPR                           
  5 KPR                              77 KPR                           
  6 E<2>                             78 KPR                           
  7 KPR                              79 KPR                           
  8 VCCAUX                           80 KPR                           
  9 E<3>                             81 KPR                           
 10 KPR                              82 KPR                           
 11 KPR                              83 KPR                           
 12 KPR                              84 VCC                           
 13 KPR                              85 KPR                           
 14 KPR                              86 KPR                           
 15 KPR                              87 KPR                           
 16 KPR                              88 KPR                           
 17 KPR                              89 GND                           
 18 KPR                              90 GND                           
 19 KPR                              91 KPR                           
 20 KPR                              92 KPR                           
 21 KPR                              93 VCCIO-3.3                     
 22 KPR                              94 KPR                           
 23 KPR                              95 KPR                           
 24 KPR                              96 Q<0>                          
 25 KPR                              97 KPR                           
 26 KPR                              98 Q<1>                          
 27 VCCIO-3.3                        99 GND                           
 28 KPR                             100 KPR                           
 29 GND                             101 Q<2>                          
 30 KPR                             102 KPR                           
 31 KPR                             103 Q<3>                          
 32 KPR                             104 KPR                           
 33 KPR                             105 KPR                           
 34 KPR                             106 KPR                           
 35 KPR                             107 KPR                           
 36 GND                             108 GND                           
 37 VCC                             109 VCCIO-3.3                     
 38 clk00                           110 KPR                           
 39 KPR                             111 KPR                           
 40 KPR                             112 KPR                           
 41 KPR                             113 KPR                           
 42 KPR                             114 KPR                           
 43 KPR                             115 KPR                           
 44 KPR                             116 KPR                           
 45 KPR                             117 KPR                           
 46 KPR                             118 KPR                           
 47 GND                             119 KPR                           
 48 KPR                             120 KPR                           
 49 KPR                             121 KPR                           
 50 KPR                             122 TDO                           
 51 KPR                             123 GND                           
 52 KPR                             124 KPR                           
 53 KPR                             125 KPR                           
 54 KPR                             126 KPR                           
 55 VCCIO-3.3                       127 VCCIO-3.3                     
 56 KPR                             128 KPR                           
 57 KPR                             129 KPR                           
 58 KPR                             130 KPR                           
 59 KPR                             131 KPR                           
 60 KPR                             132 KPR                           
 61 KPR                             133 CLR                           
 62 GND                             134 KPR                           
 63 TDI                             135 C<0>                          
 64 KPR                             136 KPR                           
 65 TMS                             137 KPR                           
 66 KPR                             138 C<1>                          
 67 TCK                             139 KPR                           
 68 KPR                             140 C<2>                          
 69 CLK                             141 VCCIO-3.3                     
 70 KPR                             142 KPR                           
 71 KPR                             143 KPR                           
 72 GND                             144 GND                           


Legend :  NC  = Not Connected, unbonded pin
        PGND  = Unused I/O configured as additional Ground pin
         KPR  = Unused I/O with weak keeper (leave unconnected)
         WPU  = Unused I/O with weak pull up (leave unconnected)
         TIE  = Unused I/O floating -- must tie to VCC, GND or other signal
         VCC  = Dedicated Power Pin
      VCCAUX  = Power supply for JTAG pins
   VCCIO-3.3  = I/O supply voltage for LVTTL, LVCMOS33, SSTL3_I
   VCCIO-2.5  = I/O supply voltage for LVCMOS25, SSTL2_I
   VCCIO-1.8  = I/O supply voltage for LVCMOS18
   VCCIO-1.5  = I/O supply voltage for LVCMOS15, HSTL_I
        VREF  = Reference voltage for indicated input standard
       *VREF  = Reference voltage pin selected by software
         GND  = Dedicated Ground Pin
         TDI  = Test Data In, JTAG pin
         TDO  = Test Data Out, JTAG pin
         TCK  = Test Clock, JTAG pin
         TMS  = Test Mode Select, JTAG pin
  PROHIBITED  = User reserved pin
****************************  Compiler Options  ****************************

Following is a list of all global compiler options used by the fitter run.

Device(s) Specified                         : xc2c256-6-TQ144
Optimization Method                         : DENSITY
Multi-Level Logic Optimization              : ON
Ignore Timing Specifications                : OFF
Default Register Power Up Value             : LOW
Keep User Location Constraints              : ON
What-You-See-Is-What-You-Get                : OFF
Exhaustive Fitting                          : OFF
Keep Unused Inputs                          : OFF
Slew Rate                                   : FAST
Set Unused I/O Pin Termination              : KEEPER
Global Clock Optimization                   : ON
Global Set/Reset Optimization               : ON
Global Ouput Enable Optimization            : ON
Enable Input Registers                      : ON
Function Block Fan-in Limit                 : 38
Use DATA_GATE Attribute                     : ON
Set Tristate Outputs to Termination Mode    : KEEPER
Default Voltage Standard for All Outputs    : LVCMOS18
Input Limit                                 : 32
Pterm Limit                                 : 28
