Design: 08:00 p.m., Martes, 12 de Febrero de 2019
Design: Opening design "C:\Documents and Settings\Art\Escritorio\Practica1\comparador\concurrente\concurrente\concurrente.adf"
ELBREAD: Elaboration process.
ELBREAD: Elaboration time 0.0 [s].
Compilation with file reorder...
File: C:\Documents and Settings\Art\Escritorio\Practica1\comparador\concurrente\concurrente.vhd
Compile Entity "multiplexor"
Compile Architecture "a_multiplexor" of Entity "multiplexor"
Top-Level unit detected
Entity  =>   multiplexor
Compile success 0 Errors 0 Warnings  Analysis time :  0.0 [s]
ELBREAD: Elaboration process.
ELBREAD: Elaboration time 0.0 [s].
ELBREAD: Elaboration process.
ELBREAD: Elaboration time 0.0 [s].
KERNEL: Main thread initiated.
KERNEL: Kernel process initialization phase.
ELAB2: Elaboration final pass...
ELAB2: Elaboration final pass complete - time: 0.0 [s].
KERNEL: Kernel process initialization done.
08:01 p.m., Martes, 12 de Febrero de 2019
Simulation has been initialized
Selected Top-Level: multiplexor (a_multiplexor)
KERNEL: stopped at time: 100 ns
KERNEL: Simulation has finished. There are no more test vectors to simulate.
Simulation has been stopped
