
vhdlfe V6.3 IR 35:  VHDL parser
Thu Jan 24 04:02:31 2019

Setting library 'work' to directory 'lc22v10'

vhdlfe:  No errors.


vhdlfe V6.3 IR 35:  VHDL parser
Thu Jan 24 04:03:33 2019

Setting library 'work' to directory 'lc22v10'

vhdlfe:  No errors.


vhdlfe V6.3 IR 35:  VHDL parser
Thu Jan 24 04:04:38 2019

Setting library 'work' to directory 'lc22v10'

vhdlfe:  No errors.


vhdlfe V6.3 IR 35:  VHDL parser
Thu Jan 24 04:05:15 2019

Setting library 'work' to directory 'lc22v10'

vhdlfe:  No errors.


vhdlfe V6.3 IR 35:  VHDL parser
Sun Feb 10 18:38:11 2019

Setting library 'work' to directory 'lc22v10'

vhdlfe:  No errors.

