Release 14.6 - xst P.68d (nt)
Copyright (c) 1995-2013 Xilinx, Inc.  All rights reserved.
--> Parameter TMPDIR set to xst/projnav.tmp


Total REAL time to Xst completion: 0.00 secs
Total CPU time to Xst completion: 0.10 secs
 
--> Parameter xsthdpdir set to xst


Total REAL time to Xst completion: 0.00 secs
Total CPU time to Xst completion: 0.10 secs
 
--> Reading design: pruebota.prj

TABLE OF CONTENTS
  1) Synthesis Options Summary
  2) HDL Compilation
  3) Design Hierarchy Analysis
  4) HDL Analysis
  5) HDL Synthesis
     5.1) HDL Synthesis Report
  6) Advanced HDL Synthesis
     6.1) Advanced HDL Synthesis Report
  7) Low Level Synthesis
  8) Partition Report
  9) Final Report

=========================================================================
*                      Synthesis Options Summary                        *
=========================================================================
---- Source Parameters
Input File Name                    : "pruebota.prj"
Input Format                       : mixed
Ignore Synthesis Constraint File   : NO

---- Target Parameters
Output File Name                   : "pruebota"
Output Format                      : NGC
Target Device                      : CoolRunner2 CPLDs

---- Source Options
Top Module Name                    : pruebota
Automatic FSM Extraction           : YES
FSM Encoding Algorithm             : Auto
Safe Implementation                : No
Mux Extraction                     : Yes
Resource Sharing                   : YES

---- Target Options
Add IO Buffers                     : YES
MACRO Preserve                     : YES
XOR Preserve                       : YES
Equivalent register Removal        : YES

---- General Options
Optimization Goal                  : Speed
Optimization Effort                : 1
Keep Hierarchy                     : Yes
Netlist Hierarchy                  : As_Optimized
RTL Output                         : Yes
Hierarchy Separator                : /
Bus Delimiter                      : <>
Case Specifier                     : Maintain
Verilog 2001                       : YES

---- Other Options
Clock Enable                       : YES
wysiwyg                            : NO

=========================================================================


=========================================================================
*                          HDL Compilation                              *
=========================================================================
Compiling vhdl file "D:/Documentos/ESCOM/DSD/Nueva carpeta/proyectoMio/div00.vhd" in Library work.
Entity <div00> compiled.
Entity <div00> (Architecture <behavioral>) compiled.
Compiling vhdl file "D:/Documentos/ESCOM/DSD/Nueva carpeta/proyectoMio/pruebota.vhd" in Library work.
Architecture behavioral of Entity pruebota is up to date.

=========================================================================
*                     Design Hierarchy Analysis                         *
=========================================================================
Analyzing hierarchy for entity <pruebota> in library <work> (architecture <behavioral>).

Analyzing hierarchy for entity <div00> in library <work> (architecture <behavioral>).


=========================================================================
*                            HDL Analysis                               *
=========================================================================
Analyzing Entity <pruebota> in library <work> (Architecture <behavioral>).
Entity <pruebota> analyzed. Unit <pruebota> generated.

Analyzing Entity <div00> in library <work> (Architecture <behavioral>).
INFO:Xst:2679 - Register <clkout> in unit <div00> has a constant value of 1 during circuit operation. The register is replaced by logic.
Entity <div00> analyzed. Unit <div00> generated.


=========================================================================
*                           HDL Synthesis                               *
=========================================================================

Performing bidirectional port resolution...

Synthesizing Unit <div00>.
    Related source file is "D:/Documentos/ESCOM/DSD/Nueva carpeta/proyectoMio/div00.vhd".
    Found 22-bit up counter for signal <contador>.
    Found 22-bit comparator less for signal <contador$cmp_lt0000> created at line 45.
    Summary:
	inferred   1 Counter(s).
	inferred   1 Comparator(s).
Unit <div00> synthesized.


Synthesizing Unit <pruebota>.
    Related source file is "D:/Documentos/ESCOM/DSD/Nueva carpeta/proyectoMio/pruebota.vhd".
    Found 1-bit register for signal <q>.
    Found 1-bit register for signal <nq>.
    Summary:
	inferred   2 D-type flip-flop(s).
Unit <pruebota> synthesized.


=========================================================================
HDL Synthesis Report

Macro Statistics
# Counters                                             : 1
 22-bit up counter                                     : 1
# Registers                                            : 2
 1-bit register                                        : 2
# Comparators                                          : 1
 22-bit comparator less                                : 1

=========================================================================

=========================================================================
*                       Advanced HDL Synthesis                          *
=========================================================================

WARNING:Xst:1710 - FF/Latch <0> (without init value) has a constant value of 0 in block <q>. This FF/Latch will be trimmed during the optimization process.

=========================================================================
Advanced HDL Synthesis Report

Macro Statistics
# Counters                                             : 1
 22-bit up counter                                     : 1
# Registers                                            : 2
 Flip-Flops                                            : 2

=========================================================================

=========================================================================
*                         Low Level Synthesis                           *
=========================================================================
WARNING:Xst:2677 - Node <contador_21> of sequential type is unconnected in block <div00>.
WARNING:Xst:2677 - Node <contador_20> of sequential type is unconnected in block <div00>.
WARNING:Xst:2677 - Node <contador_19> of sequential type is unconnected in block <div00>.
WARNING:Xst:2677 - Node <contador_18> of sequential type is unconnected in block <div00>.
WARNING:Xst:2677 - Node <contador_17> of sequential type is unconnected in block <div00>.
WARNING:Xst:2677 - Node <contador_16> of sequential type is unconnected in block <div00>.
WARNING:Xst:2677 - Node <contador_15> of sequential type is unconnected in block <div00>.
WARNING:Xst:2677 - Node <contador_14> of sequential type is unconnected in block <div00>.
WARNING:Xst:2677 - Node <contador_13> of sequential type is unconnected in block <div00>.
WARNING:Xst:2677 - Node <contador_12> of sequential type is unconnected in block <div00>.
WARNING:Xst:2677 - Node <contador_11> of sequential type is unconnected in block <div00>.
WARNING:Xst:2677 - Node <contador_10> of sequential type is unconnected in block <div00>.
WARNING:Xst:2677 - Node <contador_9> of sequential type is unconnected in block <div00>.
WARNING:Xst:2677 - Node <contador_8> of sequential type is unconnected in block <div00>.
WARNING:Xst:2677 - Node <contador_7> of sequential type is unconnected in block <div00>.
WARNING:Xst:2677 - Node <contador_6> of sequential type is unconnected in block <div00>.
WARNING:Xst:2677 - Node <contador_5> of sequential type is unconnected in block <div00>.
WARNING:Xst:2677 - Node <contador_4> of sequential type is unconnected in block <div00>.
WARNING:Xst:2677 - Node <contador_3> of sequential type is unconnected in block <div00>.
WARNING:Xst:2677 - Node <contador_2> of sequential type is unconnected in block <div00>.
WARNING:Xst:2677 - Node <contador_1> of sequential type is unconnected in block <div00>.
WARNING:Xst:2677 - Node <contador_0> of sequential type is unconnected in block <div00>.

Optimizing unit <pruebota> ...

Optimizing unit <div00> ...
WARNING:Xst:1710 - FF/Latch <q> (without init value) has a constant value of 0 in block <pruebota>. This FF/Latch will be trimmed during the optimization process.

=========================================================================
*                           Partition Report                            *
=========================================================================

Partition Implementation Status
-------------------------------

  No Partitions were found in this design.

-------------------------------

=========================================================================
*                            Final Report                               *
=========================================================================
Final Results
RTL Top Level Output File Name     : pruebota.ngr
Top Level Output File Name         : pruebota
Output Format                      : NGC
Optimization Goal                  : Speed
Keep Hierarchy                     : Yes
Target Technology                  : CoolRunner2 CPLDs
Macro Preserve                     : YES
XOR Preserve                       : YES
Clock Enable                       : YES
wysiwyg                            : NO

Design Statistics
# IOs                              : 10

Cell Usage :
# BELS                             : 6
#      AND2                        : 1
#      GND                         : 1
#      INV                         : 3
#      VCC                         : 1
# FlipFlops/Latches                : 1
#      FDP                         : 1
# IO Buffers                       : 6
#      IBUF                        : 3
#      OBUF                        : 3
=========================================================================


Total REAL time to Xst completion: 2.00 secs
Total CPU time to Xst completion: 2.66 secs
 
--> 

Total memory usage is 265164 kilobytes

Number of errors   :    0 (   0 filtered)
Number of warnings :   24 (   0 filtered)
Number of infos    :    1 (   0 filtered)

